<?xml version="1.0" encoding="UTF-8"?>
<testng-results skipped="0" failed="1" total="3" passed="2">
  <reporter-output>
  </reporter-output>
  <suite name="Suite" duration-ms="27" started-at="2019-03-18T16:00:14Z" finished-at="2019-03-18T16:00:14Z">
    <groups>
    </groups>
    <test name="Test" duration-ms="27" started-at="2019-03-18T16:00:14Z" finished-at="2019-03-18T16:00:14Z">
      <class name="Se_2019.test_ng_dataprovier">
        <test-method status="PASS" signature="testdata(java.lang.String, java.lang.String)[pri:0, instance:Se_2019.test_ng_dataprovier@58651fd0]" name="testdata" duration-ms="8" started-at="2019-03-19T00:00:14Z" data-provider="user" finished-at="2019-03-19T00:00:14Z">
          <params>
            <param index="0">
              <value>
                <![CDATA[t01]]>
              </value>
            </param>
            <param index="1">
              <value>
                <![CDATA[t01]]>
              </value>
            </param>
          </params>
          <reporter-output>
          </reporter-output>
        </test-method> <!-- testdata -->
        <test-method status="FAIL" signature="testdata(java.lang.String, java.lang.String)[pri:0, instance:Se_2019.test_ng_dataprovier@58651fd0]" name="testdata" duration-ms="2" started-at="2019-03-19T00:00:14Z" data-provider="user" finished-at="2019-03-19T00:00:14Z">
          <params>
            <param index="0">
              <value>
                <![CDATA[t02]]>
              </value>
            </param>
            <param index="1">
              <value>
                <![CDATA[t03]]>
              </value>
            </param>
          </params>
          <exception class="java.lang.AssertionError">
            <message>
              <![CDATA[name1=name2 expected [t03] but found [t02]]]>
            </message>
            <full-stacktrace>
              <![CDATA[java.lang.AssertionError: name1=name2 expected [t03] but found [t02]
	at org.testng.Assert.fail(Assert.java:94)
	at org.testng.Assert.failNotEquals(Assert.java:496)
	at org.testng.Assert.assertEquals(Assert.java:125)
	at org.testng.Assert.assertEquals(Assert.java:178)
	at Se_2019.test_ng_dataprovier.testdata(test_ng_dataprovier.java:21)
	at sun.reflect.NativeMethodAccessorImpl.invoke0(Native Method)
	at sun.reflect.NativeMethodAccessorImpl.invoke(Unknown Source)
	at sun.reflect.DelegatingMethodAccessorImpl.invoke(Unknown Source)
	at java.lang.reflect.Method.invoke(Unknown Source)
	at org.testng.internal.MethodInvocationHelper.invokeMethod(MethodInvocationHelper.java:85)
	at org.testng.internal.Invoker.invokeMethod(Invoker.java:639)
	at org.testng.internal.Invoker.invokeTestMethod(Invoker.java:821)
	at org.testng.internal.Invoker.invokeTestMethods(Invoker.java:1131)
	at org.testng.internal.TestMethodWorker.invokeTestMethods(TestMethodWorker.java:124)
	at org.testng.internal.TestMethodWorker.run(TestMethodWorker.java:108)
	at org.testng.TestRunner.privateRun(TestRunner.java:773)
	at org.testng.TestRunner.run(TestRunner.java:623)
	at org.testng.SuiteRunner.runTest(SuiteRunner.java:357)
	at org.testng.SuiteRunner.runSequentially(SuiteRunner.java:352)
	at org.testng.SuiteRunner.privateRun(SuiteRunner.java:310)
	at org.testng.SuiteRunner.run(SuiteRunner.java:259)
	at org.testng.SuiteRunnerWorker.runSuite(SuiteRunnerWorker.java:52)
	at org.testng.SuiteRunnerWorker.run(SuiteRunnerWorker.java:86)
	at org.testng.TestNG.runSuitesSequentially(TestNG.java:1185)
	at org.testng.TestNG.runSuitesLocally(TestNG.java:1110)
	at org.testng.TestNG.run(TestNG.java:1018)
	at org.testng.remote.AbstractRemoteTestNG.run(AbstractRemoteTestNG.java:115)
	at org.testng.remote.RemoteTestNG.initAndRun(RemoteTestNG.java:251)
	at org.testng.remote.RemoteTestNG.main(RemoteTestNG.java:77)
]]>
            </full-stacktrace>
          </exception> <!-- java.lang.AssertionError -->
          <reporter-output>
          </reporter-output>
        </test-method> <!-- testdata -->
        <test-method status="PASS" signature="testdata(java.lang.String, java.lang.String)[pri:0, instance:Se_2019.test_ng_dataprovier@58651fd0]" name="testdata" duration-ms="1" started-at="2019-03-19T00:00:14Z" data-provider="user" finished-at="2019-03-19T00:00:14Z">
          <params>
            <param index="0">
              <value>
                <![CDATA[t03]]>
              </value>
            </param>
            <param index="1">
              <value>
                <![CDATA[t03]]>
              </value>
            </param>
          </params>
          <reporter-output>
          </reporter-output>
        </test-method> <!-- testdata -->
      </class> <!-- Se_2019.test_ng_dataprovier -->
    </test> <!-- Test -->
  </suite> <!-- Suite -->
</testng-results>
